This is pdfTeX, Version 3.141592653-2.6-1.40.27 (MiKTeX 25.4) (preloaded format=pdflatex 2025.12.3)  11 JAN 2026 21:45
entering extended mode
 restricted \write18 enabled.
 %&-line parsing enabled.
**./main.tex
(main.tex
LaTeX2e <2025-11-01>
L3 programming layer <2025-11-06>
(relatorio_tcc_ads_ifba.cls
Document Class: relatorio_tcc_ads_ifba 2024/01/08
(C:\Users\pedro\AppData\Local\Programs\MiKTeX\tex/latex/base\article.cls
Document Class: article 2025/01/22 v1.4n Standard LaTeX document class
(C:\Users\pedro\AppData\Local\Programs\MiKTeX\tex/latex/base\size11.clo
File: size11.clo 2025/01/22 v1.4n Standard LaTeX file (size option)
)
\c@part=\count275
\c@section=\count276
\c@subsection=\count277
\c@subsubsection=\count278
\c@paragraph=\count279
\c@subparagraph=\count280
\c@figure=\count281
\c@table=\count282
\abovecaptionskip=\skip49
\belowcaptionskip=\skip50
\bibindent=\dimen148
)
(C:\Users\pedro\AppData\Local\Programs\MiKTeX\tex/latex/graphics\graphicx.sty
Package: graphicx 2024/12/31 v1.2e Enhanced LaTeX Graphics (DPC,SPQR)

(C:\Users\pedro\AppData\Local\Programs\MiKTeX\tex/latex/graphics\keyval.sty
Package: keyval 2022/05/29 v1.15 key=value parser (DPC)
\KV@toks@=\toks17
)
(C:\Users\pedro\AppData\Local\Programs\MiKTeX\tex/latex/graphics\graphics.sty
Package: graphics 2024/08/06 v1.4g Standard LaTeX Graphics (DPC,SPQR)

(C:\Users\pedro\AppData\Local\Programs\MiKTeX\tex/latex/graphics\trig.sty
Package: trig 2023/12/02 v1.11 sin cos tan (DPC)
)
(C:\Users\pedro\AppData\Local\Programs\MiKTeX\tex/latex/graphics-cfg\graphics.c
fg
File: graphics.cfg 2016/06/04 v1.11 sample graphics configuration
)
Package graphics Info: Driver file: pdftex.def on input line 106.

(C:\Users\pedro\AppData\Local\Programs\MiKTeX\tex/latex/graphics-def\pdftex.def
File: pdftex.def 2025/09/29 v1.2d Graphics/color driver for pdftex
))
\Gin@req@height=\dimen149
\Gin@req@width=\dimen150
) (C:\Users\pedro\AppData\Local\Programs\MiKTeX\tex/latex/xcolor\xcolor.sty
Package: xcolor 2024/09/29 v3.02 LaTeX color extensions (UK)

(C:\Users\pedro\AppData\Local\Programs\MiKTeX\tex/latex/graphics-cfg\color.cfg
File: color.cfg 2016/01/02 v1.6 sample color configuration
)
Package xcolor Info: Driver file: pdftex.def on input line 274.
(C:\Users\pedro\AppData\Local\Programs\MiKTeX\tex/latex/graphics\mathcolor.ltx)
Package xcolor Info: Model `cmy' substituted by `cmy0' on input line 1349.
Package xcolor Info: Model `hsb' substituted by `rgb' on input line 1353.
Package xcolor Info: Model `RGB' extended on input line 1365.
Package xcolor Info: Model `HTML' substituted by `rgb' on input line 1367.
Package xcolor Info: Model `Hsb' substituted by `hsb' on input line 1368.
Package xcolor Info: Model `tHsb' substituted by `hsb' on input line 1369.
Package xcolor Info: Model `HSB' substituted by `hsb' on input line 1370.
Package xcolor Info: Model `Gray' substituted by `gray' on input line 1371.
Package xcolor Info: Model `wave' substituted by `hsb' on input line 1372.
) (C:\Users\pedro\AppData\Local\Programs\MiKTeX\tex/latex/base\inputenc.sty
Package: inputenc 2024/02/08 v1.3d Input encoding file
\inpenc@prehook=\toks18
\inpenc@posthook=\toks19
)
(C:\Users\pedro\AppData\Local\Programs\MiKTeX\tex/generic/babel\babel.sty
Package: babel 2025/11/09 v25.15 The multilingual framework for LuaLaTeX, pdfLa
TeX and XeLaTeX
\babel@savecnt=\count283
LaTeX Encoding Info:    Redeclaring text command \ij (encoding OT1) on input li
ne 2050.
LaTeX Encoding Info:    Redeclaring text command \IJ (encoding OT1) on input li
ne 2052.
LaTeX Encoding Info:    Redeclaring text command \ij (encoding T1) on input lin
e 2054.
LaTeX Encoding Info:    Redeclaring text command \IJ (encoding T1) on input lin
e 2055.
LaTeX Encoding Info:    Ignoring declaration for text command \ij (encoding ?) 
on input line 2056.
LaTeX Encoding Info:    Ignoring declaration for text command \IJ (encoding ?) 
on input line 2058.
LaTeX Encoding Info:    Ignoring declaration for text command \SS (encoding ?) 
on input line 2083.
\U@D=\dimen151
\l@unhyphenated=\language79

(C:\Users\pedro\AppData\Local\Programs\MiKTeX\tex/generic/babel\txtbabel.def)
\bbl@readstream=\read2
\bbl@dirlevel=\count284
Package babel Info: Configuration files are deprecated, as
(babel)             they can break document portability.
(babel)             Reported on input line 4175.

*************************************
* Local config file bblopts.cfg used
*
(C:\Users\pedro\AppData\Local\Programs\MiKTeX\tex/latex/arabi\bblopts.cfg
File: bblopts.cfg 2005/09/08 v0.1 add Arabic and Farsi to "declared" options of
 babel
)
(C:\Users\pedro\AppData\Local\Programs\MiKTeX\tex/generic/babel/locale/pt\babel
-brazilian.tex)
Package babel Info: Importing font and identification data for brazilian
(babel)             from babel-pt-BR.ini. Reported on input line 4298.

(C:\Users\pedro\AppData\Local\Programs\MiKTeX\tex/latex/babel-portuges\brazilia
n.ldf
Language: portuges 2021/07/09 v1.2t Portuguese support from the babel system
Package babel Info: Hyphen rules for 'brazilian' set to \l@portuguese
(babel)             (\language56). Reported on input line 111.
Package babel Info: Making " an active character on input line 143.
))
(C:\Users\pedro\AppData\Local\Programs\MiKTeX\tex/latex/geometry\geometry.sty
Package: geometry 2020/01/02 v5.9 Page Geometry

(C:\Users\pedro\AppData\Local\Programs\MiKTeX\tex/generic/iftex\ifvtex.sty
Package: ifvtex 2019/10/25 v1.7 ifvtex legacy package. Use iftex instead.

(C:\Users\pedro\AppData\Local\Programs\MiKTeX\tex/generic/iftex\iftex.sty
Package: iftex 2024/12/12 v1.0g TeX engine tests
))
\Gm@cnth=\count285
\Gm@cntv=\count286
\c@Gm@tempcnt=\count287
\Gm@bindingoffset=\dimen152
\Gm@wd@mp=\dimen153
\Gm@odd@mp=\dimen154
\Gm@even@mp=\dimen155
\Gm@layoutwidth=\dimen156
\Gm@layoutheight=\dimen157
\Gm@layouthoffset=\dimen158
\Gm@layoutvoffset=\dimen159
\Gm@dimlist=\toks20

(C:\Users\pedro\AppData\Local\Programs\MiKTeX\tex/latex/geometry\geometry.cfg))
(C:\Users\pedro\AppData\Local\Programs\MiKTeX\tex/latex/psnfss\helvet.sty
Package: helvet 2020/03/25 PSNFSS-v9.3 (WaS) 
)
(C:\Users\pedro\AppData\Local\Programs\MiKTeX\tex/latex/textcase\textcase.sty
Package: textcase 2025/02/16 v1.05 Text only upper/lower case changing (DPC)
Package textcase Info: Defining Legacy names on input line 20.
)
(C:\Users\pedro\AppData\Local\Programs\MiKTeX\tex/latex/tools\indentfirst.sty
Package: indentfirst 2023/07/02 v1.03 Indent first paragraph (DPC)
)
(C:\Users\pedro\AppData\Local\Programs\MiKTeX\tex/latex/hyperref\hyperref.sty
Package: hyperref 2025-07-12 v7.01o Hypertext links for LaTeX

(C:\Users\pedro\AppData\Local\Programs\MiKTeX\tex/latex/kvsetkeys\kvsetkeys.sty
Package: kvsetkeys 2022-10-05 v1.19 Key value parser (HO)
)
(C:\Users\pedro\AppData\Local\Programs\MiKTeX\tex/generic/kvdefinekeys\kvdefine
keys.sty
Package: kvdefinekeys 2019-12-19 v1.6 Define keys (HO)
)
(C:\Users\pedro\AppData\Local\Programs\MiKTeX\tex/generic/pdfescape\pdfescape.s
ty
Package: pdfescape 2019/12/09 v1.15 Implements pdfTeX's escape features (HO)

(C:\Users\pedro\AppData\Local\Programs\MiKTeX\tex/generic/ltxcmds\ltxcmds.sty
Package: ltxcmds 2023-12-04 v1.26 LaTeX kernel commands for general use (HO)
)
(C:\Users\pedro\AppData\Local\Programs\MiKTeX\tex/generic/pdftexcmds\pdftexcmds
.sty
Package: pdftexcmds 2020-06-27 v0.33 Utility functions of pdfTeX for LuaTeX (HO
)

(C:\Users\pedro\AppData\Local\Programs\MiKTeX\tex/generic/infwarerr\infwarerr.s
ty
Package: infwarerr 2019/12/03 v1.5 Providing info/warning/error messages (HO)
)
Package pdftexcmds Info: \pdf@primitive is available.
Package pdftexcmds Info: \pdf@ifprimitive is available.
Package pdftexcmds Info: \pdfdraftmode found.
))
(C:\Users\pedro\AppData\Local\Programs\MiKTeX\tex/latex/hycolor\hycolor.sty
Package: hycolor 2020-01-27 v1.10 Color options for hyperref/bookmark (HO)
)
(C:\Users\pedro\AppData\Local\Programs\MiKTeX\tex/latex/hyperref\nameref.sty
Package: nameref 2025-06-21 v2.57 Cross-referencing by name of section

(C:\Users\pedro\AppData\Local\Programs\MiKTeX\tex/latex/refcount\refcount.sty
Package: refcount 2019/12/15 v3.6 Data extraction from label references (HO)
)
(C:\Users\pedro\AppData\Local\Programs\MiKTeX\tex/generic/gettitlestring\gettit
lestring.sty
Package: gettitlestring 2019/12/15 v1.6 Cleanup title references (HO)

(C:\Users\pedro\AppData\Local\Programs\MiKTeX\tex/latex/kvoptions\kvoptions.sty
Package: kvoptions 2022-06-15 v3.15 Key value format for package options (HO)
))
\c@section@level=\count288
)
(C:\Users\pedro\AppData\Local\Programs\MiKTeX\tex/latex/etoolbox\etoolbox.sty
Package: etoolbox 2025/10/02 v2.5m e-TeX tools for LaTeX (JAW)
\etb@tempcnta=\count289
)
(C:\Users\pedro\AppData\Local\Programs\MiKTeX\tex/generic/stringenc\stringenc.s
ty
Package: stringenc 2019/11/29 v1.12 Convert strings between diff. encodings (HO
)
)
\@linkdim=\dimen160
\Hy@linkcounter=\count290
\Hy@pagecounter=\count291
 (C:\Users\pedro\AppData\Local\Programs\MiKTeX\tex/latex/hyperref\pd1enc.def
File: pd1enc.def 2025-07-12 v7.01o Hyperref: PDFDocEncoding definition (HO)
Now handling font encoding PD1 ...
... no UTF-8 mapping file for font encoding PD1
) (C:\Users\pedro\AppData\Local\Programs\MiKTeX\tex/generic/intcalc\intcalc.sty
Package: intcalc 2019/12/15 v1.3 Expandable calculations with integers (HO)
)
\Hy@SavedSpaceFactor=\count292
 (C:\Users\pedro\AppData\Local\Programs\MiKTeX\tex/latex/hyperref\puenc.def
File: puenc.def 2025-07-12 v7.01o Hyperref: PDF Unicode definition (HO)
Now handling font encoding PU ...
... no UTF-8 mapping file for font encoding PU
)
Package hyperref Info: Option `plainpages' set `false' on input line 4066.
Package hyperref Info: Option `pdfpagelabels' set `true' on input line 4066.
Package hyperref Info: Hyper figures OFF on input line 4195.
Package hyperref Info: Link nesting OFF on input line 4200.
Package hyperref Info: Hyper index ON on input line 4203.
Package hyperref Info: Plain pages OFF on input line 4210.
Package hyperref Info: Backreferencing OFF on input line 4215.
Package hyperref Info: Implicit mode ON; LaTeX internals redefined.
Package hyperref Info: Bookmarks ON on input line 4462.
\c@Hy@tempcnt=\count293

(C:\Users\pedro\AppData\Local\Programs\MiKTeX\tex/latex/url\url.sty
\Urlmuskip=\muskip17
Package: url 2013/09/16  ver 3.4  Verb mode for urls, etc.
)
LaTeX Info: Redefining \url on input line 4801.
\XeTeXLinkMargin=\dimen161

(C:\Users\pedro\AppData\Local\Programs\MiKTeX\tex/generic/bitset\bitset.sty
Package: bitset 2019/12/09 v1.3 Handle bit-vector datatype (HO)

(C:\Users\pedro\AppData\Local\Programs\MiKTeX\tex/generic/bigintcalc\bigintcalc
.sty
Package: bigintcalc 2019/12/15 v1.5 Expandable calculations on big integers (HO
)
))
\Fld@menulength=\count294
\Field@Width=\dimen162
\Fld@charsize=\dimen163
Package hyperref Info: Hyper figures OFF on input line 6078.
Package hyperref Info: Link nesting OFF on input line 6083.
Package hyperref Info: Hyper index ON on input line 6086.
Package hyperref Info: backreferencing OFF on input line 6093.
Package hyperref Info: Link coloring OFF on input line 6098.
Package hyperref Info: Link coloring with OCG OFF on input line 6103.
Package hyperref Info: PDF/A mode OFF on input line 6108.
\Hy@abspage=\count295
\c@Item=\count296
\c@Hfootnote=\count297
)
Package hyperref Info: Driver (autodetected): hpdftex.

(C:\Users\pedro\AppData\Local\Programs\MiKTeX\tex/latex/hyperref\hpdftex.def
File: hpdftex.def 2025-07-12 v7.01o Hyperref driver for pdfTeX
\Fld@listcount=\count298
\c@bookmark@seq@number=\count299

(C:\Users\pedro\AppData\Local\Programs\MiKTeX\tex/latex/rerunfilecheck\rerunfil
echeck.sty
Package: rerunfilecheck 2025-06-21 v1.11 Rerun checks for auxiliary files (HO)

(C:\Users\pedro\AppData\Local\Programs\MiKTeX\tex/generic/uniquecounter\uniquec
ounter.sty
Package: uniquecounter 2019/12/15 v1.4 Provide unlimited unique counter (HO)
)
Package uniquecounter Info: New unique counter `rerunfilecheck' on input line 2
84.
)
\Hy@SectionHShift=\skip51
)
(C:\Users\pedro\AppData\Local\Programs\MiKTeX\tex/latex/abntex2\abntex2cite.sty
Package: abntex2cite 2018/11/24 v-1.9.7 abnTeX2
(C:\Users\pedro\AppData\Local\Programs\MiKTeX\tex/latex/base\ifthen.sty
Package: ifthen 2024/03/16 v1.1e Standard LaTeX ifthen package (DPC)
)
(C:\Users\pedro\AppData\Local\Programs\MiKTeX\tex/latex/tools\calc.sty
Package: calc 2025/03/01 v4.3b Infix arithmetic (KKT,FJ)
\calc@Acount=\count300
\calc@Bcount=\count301
\calc@Adimen=\dimen164
\calc@Bdimen=\dimen165
\calc@Askip=\skip52
\calc@Bskip=\skip53
LaTeX Info: Redefining \setlength on input line 86.
LaTeX Info: Redefining \addtolength on input line 87.
\calc@Ccount=\count302
\calc@Cskip=\skip54
)
(C:\Users\pedro\AppData\Local\Programs\MiKTeX\tex/latex/abntex2\abntex2abrev.st
y)
(C:\Users\pedro\AppData\Local\Programs\MiKTeX\tex/latex/setspace\setspace.sty
Package: setspace 2022/12/04 v6.7b set line spacing
)
\minimumbiblabelwidth=\skip55
\ABCIauxlen=\skip56
\c@ABCIaux=\count303
\c@ABCImax=\count304

(C:\Users\pedro\AppData\Local\Programs\MiKTeX\tex/generic/iftex\ifpdf.sty
Package: ifpdf 2019/10/25 v3.4 ifpdf legacy package. Use iftex instead.
)
(C:\Users\pedro\AppData\Local\Programs\MiKTeX\tex/generic/iftex\ifxetex.sty
Package: ifxetex 2019/10/25 v0.7 ifxetex legacy package. Use iftex instead.
)
(C:\Users\pedro\AppData\Local\Programs\MiKTeX\tex/latex/relsize\relsize.sty
Package: relsize 2013/03/29 ver 4.1
)
\biblabelsep=\skip57
LaTeX Info: Redefining \newblock on input line 591.
LaTeX Info: Redefining \cite on input line 862.
\ABCItoken=\toks21
)
(C:\Users\pedro\AppData\Local\Programs\MiKTeX\tex/latex/parskip\parskip.sty
Package: parskip 2021-03-14 v2.0h non-zero parskip adjustments
)
(C:\Users\pedro\AppData\Local\Programs\MiKTeX\tex/latex/titlesec\titlesec.sty
Package: titlesec 2025/01/04 v2.17 Sectioning titles
\ttl@box=\box53
\beforetitleunit=\skip58
\aftertitleunit=\skip59
\ttl@plus=\dimen166
\ttl@minus=\dimen167
\ttl@toksa=\toks22
\titlewidth=\dimen168
\titlewidthlast=\dimen169
\titlewidthfirst=\dimen170
)) (C:\Users\pedro\AppData\Local\Programs\MiKTeX\tex/latex/float\float.sty
Package: float 2001/11/08 v1.3d Float enhancements (AL)
\c@float@type=\count305
\float@exts=\toks23
\float@box=\box54
\@float@everytoks=\toks24
\@floatcapt=\box55
)
(C:\Users\pedro\AppData\Local\Programs\MiKTeX\tex/latex/amsmath\amsmath.sty
Package: amsmath 2025/07/09 v2.17z AMS math features
\@mathmargin=\skip60

For additional information on amsmath, use the `?' option.
(C:\Users\pedro\AppData\Local\Programs\MiKTeX\tex/latex/amsmath\amstext.sty
Package: amstext 2024/11/17 v2.01 AMS text

(C:\Users\pedro\AppData\Local\Programs\MiKTeX\tex/latex/amsmath\amsgen.sty
File: amsgen.sty 1999/11/30 v2.0 generic functions
\@emptytoks=\toks25
\ex@=\dimen171
))
(C:\Users\pedro\AppData\Local\Programs\MiKTeX\tex/latex/amsmath\amsbsy.sty
Package: amsbsy 1999/11/29 v1.2d Bold Symbols
\pmbraise@=\dimen172
)
(C:\Users\pedro\AppData\Local\Programs\MiKTeX\tex/latex/amsmath\amsopn.sty
Package: amsopn 2022/04/08 v2.04 operator names
)
\inf@bad=\count306
LaTeX Info: Redefining \frac on input line 233.
\uproot@=\count307
\leftroot@=\count308
LaTeX Info: Redefining \overline on input line 398.
LaTeX Info: Redefining \colon on input line 409.
\classnum@=\count309
\DOTSCASE@=\count310
LaTeX Info: Redefining \ldots on input line 495.
LaTeX Info: Redefining \dots on input line 498.
LaTeX Info: Redefining \cdots on input line 619.
\Mathstrutbox@=\box56
\strutbox@=\box57
LaTeX Info: Redefining \big on input line 721.
LaTeX Info: Redefining \Big on input line 722.
LaTeX Info: Redefining \bigg on input line 723.
LaTeX Info: Redefining \Bigg on input line 724.
\big@size=\dimen173
LaTeX Font Info:    Redeclaring font encoding OML on input line 742.
LaTeX Font Info:    Redeclaring font encoding OMS on input line 743.
\macc@depth=\count311
LaTeX Info: Redefining \bmod on input line 904.
LaTeX Info: Redefining \pmod on input line 909.
LaTeX Info: Redefining \smash on input line 939.
LaTeX Info: Redefining \relbar on input line 969.
LaTeX Info: Redefining \Relbar on input line 970.
\c@MaxMatrixCols=\count312
\dotsspace@=\muskip18
\c@parentequation=\count313
\dspbrk@lvl=\count314
\tag@help=\toks26
\row@=\count315
\column@=\count316
\maxfields@=\count317
\andhelp@=\toks27
\eqnshift@=\dimen174
\alignsep@=\dimen175
\tagshift@=\dimen176
\tagwidth@=\dimen177
\totwidth@=\dimen178
\lineht@=\dimen179
\@envbody=\toks28
\multlinegap=\skip61
\multlinetaggap=\skip62
\mathdisplay@stack=\toks29
LaTeX Info: Redefining \[ on input line 2950.
LaTeX Info: Redefining \] on input line 2951.
)
LaTeX Font Info:    Trying to load font information for OT1+phv on input line 6
.

(C:\Users\pedro\AppData\Local\Programs\MiKTeX\tex/latex/psnfss\ot1phv.fd
File: ot1phv.fd 2020/03/25 scalable font definitions for OT1/phv.
)
(C:\Users\pedro\AppData\Local\Programs\MiKTeX\tex/latex/l3backend\l3backend-pdf
tex.def
File: l3backend-pdftex.def 2025-10-09 L3 backend support: PDF output (pdfTeX)
\l__color_backend_stack_int=\count318
) (main.aux
Package babel Info: 'brazilian' activates 'portuges' shorthands.
(babel)             Reported on input line 12.
)
\openout1 = `main.aux'.

LaTeX Font Info:    Checking defaults for OML/cmm/m/it on input line 6.
LaTeX Font Info:    ... okay on input line 6.
LaTeX Font Info:    Checking defaults for OMS/cmsy/m/n on input line 6.
LaTeX Font Info:    ... okay on input line 6.
LaTeX Font Info:    Checking defaults for OT1/cmr/m/n on input line 6.
LaTeX Font Info:    ... okay on input line 6.
LaTeX Font Info:    Checking defaults for T1/cmr/m/n on input line 6.
LaTeX Font Info:    ... okay on input line 6.
LaTeX Font Info:    Checking defaults for TS1/cmr/m/n on input line 6.
LaTeX Font Info:    ... okay on input line 6.
LaTeX Font Info:    Checking defaults for OMX/cmex/m/n on input line 6.
LaTeX Font Info:    ... okay on input line 6.
LaTeX Font Info:    Checking defaults for U/cmr/m/n on input line 6.
LaTeX Font Info:    ... okay on input line 6.
LaTeX Font Info:    Checking defaults for PD1/pdf/m/n on input line 6.
LaTeX Font Info:    ... okay on input line 6.
LaTeX Font Info:    Checking defaults for PU/pdf/m/n on input line 6.
LaTeX Font Info:    ... okay on input line 6.

(C:\Users\pedro\AppData\Local\Programs\MiKTeX\tex/context/base/mkii\supp-pdf.mk
ii
[Loading MPS to PDF converter (version 2006.09.02).]
\scratchcounter=\count319
\scratchdimen=\dimen180
\scratchbox=\box58
\nofMPsegments=\count320
\nofMParguments=\count321
\everyMPshowfont=\toks30
\MPscratchCnt=\count322
\MPscratchDim=\dimen181
\MPnumerator=\count323
\makeMPintoPDFobject=\count324
\everyMPtoPDFconversion=\toks31
)
(C:\Users\pedro\AppData\Local\Programs\MiKTeX\tex/latex/epstopdf-pkg\epstopdf-b
ase.sty
Package: epstopdf-base 2020-01-24 v2.11 Base part for package epstopdf

(C:\Users\pedro\AppData\Local\Programs\MiKTeX\tex/latex/grfext\grfext.sty
Package: grfext 2019/12/03 v1.3 Manage graphics extensions (HO)
)
Package epstopdf-base Info: Redefining graphics rule for `.eps' on input line 4
85.
Package grfext Info: Graphics extension search list:
(grfext)             [.pdf,.png,.jpg,.mps,.jpeg,.jbig2,.jb2,.PDF,.PNG,.JPG,.JPE
G,.JBIG2,.JB2,.eps]
(grfext)             \AppendGraphicsExtensions on input line 504.

(C:\Users\pedro\AppData\Local\Programs\MiKTeX\tex/latex/00miktex\epstopdf-sys.c
fg
File: epstopdf-sys.cfg 2021/03/18 v2.0 Configuration of epstopdf for MiKTeX
))
*geometry* driver: auto-detecting
*geometry* detected driver: pdftex
*geometry* verbose mode - [ preamble ] result:
* driver: pdftex
* paper: a4paper
* layout: <same size as paper>
* layoutoffset:(h,v)=(0.0pt,0.0pt)
* modes: 
* h-part:(L,W,R)=(72.2698pt, 452.96826pt, 72.2698pt)
* v-part:(T,H,B)=(72.2698pt, 700.50723pt, 72.2698pt)
* \paperwidth=597.50787pt
* \paperheight=845.04684pt
* \textwidth=452.96826pt
* \textheight=700.50723pt
* \oddsidemargin=-0.00018pt
* \evensidemargin=-0.00018pt
* \topmargin=-37.00018pt
* \headheight=12.0pt
* \headsep=25.0pt
* \topskip=11.0pt
* \footskip=30.0pt
* \marginparwidth=59.0pt
* \marginparsep=10.0pt
* \columnsep=10.0pt
* \skip\footins=10.0pt plus 4.0pt minus 2.0pt
* \hoffset=0.0pt
* \voffset=0.0pt
* \mag=1000
* \@twocolumnfalse
* \@twosidefalse
* \@mparswitchfalse
* \@reversemarginfalse
* (1in=72.27pt=25.4mm, 1cm=28.453pt)

Package hyperref Info: Link coloring OFF on input line 6.
(main.out) (main.out)
\@outlinefile=\write3
\openout3 = `main.out'.

<src/images/logo-ads-nova.jpg, id=299, 540.51938pt x 382.42876pt>
File: src/images/logo-ads-nova.jpg Graphic file (type jpg)
<use src/images/logo-ads-nova.jpg>
Package pdftex.def Info: src/images/logo-ads-nova.jpg  used on input line 35.
(pdftex.def)             Requested size: 226.48413pt x 160.23967pt.
 [1

{C:/Users/pedro/AppData/Local/MiKTeX/fonts/map/pdftex/pdftex.map}{C:/Users/pedr
o/AppData/Local/Programs/MiKTeX/fonts/enc/dvips/base/8r.enc} <./src/images/logo
-ads-nova.jpg>] [2] (main.toc [3])
\tf@toc=\write4
\openout4 = `main.toc'.

 [4]
LaTeX Font Info:    Font shape `OT1/phv/m/it' in size <10.95> not available
(Font)              Font shape `OT1/phv/m/sl' tried instead on input line 42.

Overfull \hbox (11.19089pt too wide) in paragraph at lines 44--45
[]\OT1/phv/m/n/10.95 A li-te-ra-tura de de-mo-cra-cia di-gi-tal evi-den-cia que
 TICs am-pliam pos-si-bi-li-da-des de participa[][]ao,
 []

(src/sections/objetivos.tex
LaTeX Font Info:    Trying to load font information for TS1+phv on input line 8
.

(C:\Users\pedro\AppData\Local\Programs\MiKTeX\tex/latex/psnfss\ts1phv.fd
File: ts1phv.fd 2020/03/25 scalable font definitions for TS1/phv.
)
Overfull \hbox (0.72955pt too wide) in paragraph at lines 10--11
[]\OT1/phv/m/n/10.95 Criar al-go-rit-mos de \OT1/phv/m/sl/10.95 Ran-king \OT1/p
hv/m/n/10.95 para ava-liar se-na-do-res com base em presen[]a em vota[][]oes,
 []

) [1]
Overfull \hbox (25.47597pt too wide) in paragraph at lines 66--67
[]\OT1/phv/b/n/10.95 Gest[]ao de Re-cur-sos\OT1/phv/m/n/10.95 : des-pe-sas de-t
a-lha-das da Cota Par-la-men-tar (CE-APS), com identifica[][]ao
 []

[2] [3]
Overfull \hbox (5.91623pt too wide) in paragraph at lines 100--101
[]\OT1/phv/m/n/10.95 Embora es-ses por-tais re-pre-sen-tem avan[]os sig-ni-fi-c
a-ti-vos na trans-par[]encia pas-siva, situam-
 []

[4] [5] [6]
Overfull \hbox (17.6168pt too wide) in paragraph at lines 170--171
[]\OT1/phv/b/n/10.95 Do ``Se-re-nata de Amor''\OT1/phv/m/n/10.95 , inspiramo-no
s na abor-da-gem de \OT1/phv/b/n/10.95 c[]odigo aberto \OT1/phv/m/n/10.95 e \OT
1/phv/b/n/10.95 documenta[][]ao
 []

[7]
Overfull \hbox (19.60342pt too wide) in paragraph at lines 189--190
[]\OT1/phv/m/n/10.95 Em s[]^^Pntese, o \OT1/phv/m/sl/10.95 T[]o De Olho \OT1/ph
v/m/n/10.95 posiciona-se como a \OT1/phv/b/n/10.95 pri-meira pla-ta-forma in-te
-grada \OT1/phv/m/n/10.95 de fiscaliza[][]ao
 []


Overfull \hbox (17.07965pt too wide) in paragraph at lines 193--194
[]\OT1/phv/b/n/10.95 Intelig[]encia de Da-dos\OT1/phv/m/n/10.95 : Ofe-rece aler
-tas au-tom[]aticos, ran-kings com-pa-ra-ti-vos e visualiza[][]oes
 []

(src/sections/fundamentacao.tex
Overfull \hbox (3.58047pt too wide) in paragraph at lines 3--4
[]\OT1/phv/m/n/10.95 O de-sen-vol-vi-mento de uma pla-ta-forma de trans-par[]en
cia par-la-men-tar situa-se na interse[][]ao
 []


Overfull \hbox (5.68213pt too wide) in paragraph at lines 3--4
\OT1/phv/m/n/10.95 de m[]ultiplos cam-pos do co-nhe-ci-mento: di-reito []a info
rma[][]ao, ci[]encia pol[]^^Ptica, te-o-ria de-mocr[]atica,
 []

[8]
Overfull \hbox (9.93042pt too wide) in paragraph at lines 19--20
[]\OT1/phv/m/n/10.95 A li-te-ra-tura dis-tin-gue duas mo-da-li-da-des com-ple-m
en-ta-res de trans-par[]encia. A \OT1/phv/b/n/10.95 trans-par[]encia
 []

[9]
Overfull \hbox (23.59953pt too wide) in paragraph at lines 51--52
[]\OT1/phv/m/n/10.95 Este eixo in-ves-tiga as ba-ses te[]oricas que fun-da-men-
tam a rela[][]ao en-tre tec-no-lo-gia, participa[][]ao
 []

[10] [11]
Overfull \hbox (4.81607pt too wide) in paragraph at lines 82--83
\OT1/phv/m/n/10.95 suem com-pet[]encia t[]ecnica e acesso pri-vi-le-gi-ado a in
forma[][]oes, mas en-fren-tam limita[][]oes
 []


Overfull \hbox (5.64583pt too wide) in paragraph at lines 87--88
\OT1/phv/m/n/10.95 Pes-qui-sas de-mons-tram que para a divulga[][]ao de informa
[][]oes traduzir-se em responsabiliza[][]ao
 []

[12]
Overfull \hbox (16.31593pt too wide) in paragraph at lines 117--118
[]\OT1/phv/m/n/10.95 Este eixo apre-senta os fun-da-men-tos t[]ecnicos e me-to-
dol[]ogicos que ori-en-tam a implementa[][]ao
 []

[13] [14]
Overfull \hbox (14.36436pt too wide) in paragraph at lines 157--158
\OT1/phv/m/n/10.95 las in-con-sis-ten-tes, trun-ca-mento de ei-xos ou es-co-lha
s de co-res po-dem dis-tor-cer percep[][]oes.
 []

[15]
Overfull \hbox (6.03304pt too wide) in paragraph at lines 186--187
[]\OT1/phv/m/n/10.95 A li-te-ra-tura re-cente so-bre mo-no-lito mo-du-lar des-t
aca a im-port[]ancia de princ[]^^Ppios do \OT1/phv/b/n/10.95 Domain-
 []

[16]
Overfull \hbox (14.21661pt too wide) in paragraph at lines 195--196
[]\OT1/phv/m/n/10.95 O padr[]ao ETL (\OT1/phv/m/sl/10.95 Ex-tract, Trans-form, 
Load\OT1/phv/m/n/10.95 ) cons-ti-tui a es-pi-nha dor-sal de sis-te-mas de integ
ra[][]ao
 []

[17]) (src/sections/metodologia.tex [18]
Overfull \hbox (14.81755pt too wide) in paragraph at lines 28--29
[]\OT1/phv/m/n/10.95 O sis-tema in-te-gra tr[]es fon-tes de da-dos go-ver-na-me
n-tais ofi-ci-ais, fun-da-men-ta-das no arcabou[]o
 []

[19]
Overfull \hbox (30.15059pt too wide) in paragraph at lines 30--31
\OT1/phv/m/n/10.95 re-gu-lar; e (iii) \OT1/phv/b/n/10.95 vi-a-bi-li-dade t[]ecn
ica \OT1/phv/m/n/10.95 --- con-si-de-rando for-ma-tos es-tru-tu-ra-dos (JSON/XM
L), autentica[][]ao
 []


Overfull \hbox (3.39638pt too wide) in paragraph at lines 34--35
\OT1/phv/m/n/10.95 pro-cesso le-gis-la-tivo. A URL base para requisi[][]oes []e
 []$\OMS/cmsy/m/n/10.95 h\OT1/phv/m/n/10.95 https : / / legis . senado . leg . 
br / dadosabertos[]$[].
 []


Overfull \hbox (6.07253pt too wide) in paragraph at lines 34--35
\OT1/phv/m/n/10.95 Os da-dos s[]ao re-tor-na-dos em for-mato JSON, com su-porte
 a pagina[][]ao e li-mite de 10 requisi[][]oes
 []

LaTeX Font Info:    Trying to load font information for OMS+cmtt on input line 
39.
LaTeX Font Info:    No file OMScmtt.fd. on input line 39.

LaTeX Font Warning: Font shape `OMS/cmtt/m/n' undefined
(Font)              using `OMS/cmsy/m/n' instead
(Font)              for symbol `textbraceleft' on input line 39.


Overfull \hbox (1.6167pt too wide) in paragraph at lines 47--48
[]\OT1/cmtt/m/n/10.95 /dadosabertos/votacaoComissao/parlamentar/\OMS/cmtt/m/n/1
0.95 f\OT1/cmtt/m/n/10.95 codigo\OMS/cmtt/m/n/10.95 g\OT1/phv/m/n/10.95 : Vota[
][]oes em co-miss[]oes es-
 []

[20]
Overfull \hbox (1.06868pt too wide) in paragraph at lines 54--55
[]\OT1/cmtt/m/n/10.95 /dadosabertos/processo/relatoria?codigoParlamentar=\OMS/c
mtt/m/n/10.95 f\OT1/cmtt/m/n/10.95 codigo\OMS/cmtt/m/n/10.95 g\OT1/phv/m/n/10.9
5 : Re-la-to-rias de-sig-
 []

[21]
Underfull \hbox (badness 2302) in paragraph at lines 118--118
[]\OT1/phv/m/n/10.95 Popular o banco com da-dos
 []

LaTeX Font Info:    Trying to load font information for OML+phv on input line 1
24.
(C:\Users\pedro\AppData\Local\Programs\MiKTeX\tex/latex/psnfss\omlphv.fd
File: omlphv.fd 
)
LaTeX Font Info:    Font shape `OML/phv/m/n' in size <10.95> not available
(Font)              Font shape `OML/cmm/m/it' tried instead on input line 124.

[22] [23
pdfTeX warning (ext4): destination with the same identifier (name{table.1}) has
 been already used, duplicate ignored
<argument> ...shipout:D \box_use:N \l_shipout_box 
                                                  \__shipout_drop_firstpage_...
l.149 
      ]
Overfull \hbox (1.25447pt too wide) in paragraph at lines 150--151
\OT1/phv/m/n/10.95 sis-tema atua como agente ativo que con-sulta pe-ri-o-di-ca-
mente as fon-tes em busca de altera[][]oes
 []


Overfull \hbox (31.90344pt too wide) in paragraph at lines 150--151
\OT1/phv/m/n/10.95 rece van-ta-gens sig-ni-fi-ca-ti-vas para integra[][]ao com 
sis-te-mas le-ga-dos: sim-pli-ci-dade de implementa[][]ao,
 []


Overfull \hbox (0.64151pt too wide) in paragraph at lines 156--157
[]\OT1/phv/b/n/10.95 M[]edia Vo-la-ti-li-dade (Se-ma-nal)\OT1/phv/m/n/10.95 : R
emunera[][]ao de ser-vi-do-res e ma-pe-a-mento de lota[][]oes.
 []

[24]
Overfull \hbox (9.11948pt too wide) in paragraph at lines 170--171
\OT1/phv/m/n/10.95 em-bolso, con-si-de-rando que o mesmo se-na-dor n[]ao pode r
e-ce-ber dois re-em-bol-sos id[]enticos
 []

[25]
Overfull \hbox (5.99617pt too wide) in paragraph at lines 214--215
\OT1/phv/m/n/10.95 de m[]ultiplos servi[]os --- van-ta-gem par-ti-cu-lar-mente 
re-le-vante para pro-je-tos com or[]amento
 []


Overfull \hbox (40.26309pt too wide) in paragraph at lines 216--217
\OT1/phv/m/n/10.95 microsservi[]os, cada intera[][]ao adi-ci-ona \OT1/phv/m/sl/
10.95 overhead \OT1/phv/m/n/10.95 de serializa[][]ao, trans-miss[]ao e desseria
liza[][]ao
 []

[26]
Overfull \hbox (1.15576pt too wide) in paragraph at lines 234--235
[]\OT1/cmtt/m/n/10.95 internal/emenda\OT1/phv/m/n/10.95 : In-te-gra da-dos de e
men-das par-la-men-ta-res do Por-tal da Trans-par[]encia,
 []


Overfull \hbox (28.30823pt too wide) in paragraph at lines 239--240
[]\OT1/phv/m/n/10.95 Adicionalmente, m[]odulos trans-ver-sais for-ne-cem fun-ci
-o-na-li-da-des com-par-ti-lha-das: \OT1/cmtt/m/n/10.95 internal/api
 []


Overfull \hbox (4.659pt too wide) in paragraph at lines 239--240
\OT1/phv/m/n/10.95 exp[]oe \OT1/phv/m/sl/10.95 end-po-ints \OT1/phv/m/n/10.95 R
EST con-su-mi-dos pelo \OT1/phv/m/sl/10.95 fron-tend\OT1/phv/m/n/10.95 ; \OT1/c
mtt/m/n/10.95 internal/scheduler \OT1/phv/m/n/10.95 ge-ren-cia ta-re-fas agen-
 []

[27]
Overfull \hbox (66.95624pt too wide) in paragraph at lines 256--257
\OT1/phv/m/n/10.95 per-sist[]encia. Esta fase in-clui padroniza[][]ao de no-mes
 (tra-ta-mento de acen-tos, mai[]usculas/min[]usculas),
 []


Overfull \hbox (24.5669pt too wide) in paragraph at lines 258--259
\OT1/phv/m/n/10.95 evi-tando rec[]alculos a cada requisi[][]ao. A invalida[][]a
o de ca-che ocorre ap[]os cada sincroniza[][]ao
 []

[28]
Overfull \hbox (8.74637pt too wide) in paragraph at lines 276--277
[]\OT1/phv/b/n/10.95 Go\OT1/phv/m/n/10.95 : Bin[]arios com-pi-la-dos es-ta-ti-c
a-mente, mo-delo de con-corr[]encia na-tivo e ti-pa-gem est[]atica.
 []


Overfull \hbox (17.61143pt too wide) in paragraph at lines 281--282
\OT1/phv/m/n/10.95 mais abran-gente. O ORM \OT1/phv/b/n/10.95 GORM \OT1/phv/m/n
/10.95 ofe-rece ma-pe-a-mento objeto-relacional com su-porte a migra[][]oes
 []

[29]
Overfull \hbox (16.9151pt too wide) in paragraph at lines 311--312
\OT1/phv/m/n/10.95 tiva com Re-act [[]]. Al-ter-na-ti-vas como D3.js ofe-re-cem
 maior con-trole, mas exi-gem implementa[][]ao
 []

[30]
<docs/diagrama_er_modelo.png, id=699, 246.6816pt x 246.6816pt>
File: docs/diagrama_er_modelo.png Graphic file (type png)
<use docs/diagrama_er_modelo.png>
Package pdftex.def Info: docs/diagrama_er_modelo.png  used on input line 319.
(pdftex.def)             Requested size: 430.31847pt x 430.35924pt.

Overfull \hbox (6.7765pt too wide) in paragraph at lines 329--330
[]\OT1/phv/b/n/10.95 Mandato\OT1/phv/m/n/10.95 : Re-la-ci-o-na-mento 1:N com Se
-na-dor, re-gis-trando le-gis-la-tura, tipo (ti-tu-lar/suplente)
 []

[31
pdfTeX warning (ext4): destination with the same identifier (name{figure.1}) ha
s been already used, duplicate ignored
<argument> ...shipout:D \box_use:N \l_shipout_box 
                                                  \__shipout_drop_firstpage_...
l.331     \item \textbf
                       {Despesa CEAPS}: Relacionamento 1:N com Senador, cont...
 <./docs/diagrama_er_modelo.png>]
Overfull \hbox (8.5943pt too wide) in paragraph at lines 331--332
\OT1/phv/m/n/10.95 pesa, for-ne-ce-dor, CPF/CNPJ e va-lor. A chave com-posta \O
T1/cmtt/m/n/10.95 (senador[]id, fornecedor[]cnpj,
 []


Overfull \hbox (22.4578pt too wide) in paragraph at lines 349--350
[]\OT1/phv/m/n/10.95 A avalia[][]ao ob-je-tiva do de-sem-pe-nho par-la-men-tar 
cons-ti-tui ele-mento cen-tral para a participa[][]ao
 []

[32]
Overfull \hbox (22.8718pt too wide) in paragraph at lines 353--354
\OT1/phv/m/n/10.95 sur[]aveis: \OT1/phv/b/n/10.95 pro-du-ti-vi-dade le-gis-la-t
iva \OT1/phv/m/n/10.95 (ca-pa-ci-dade de apro-var proposi[][]oes), \OT1/phv/b/n
/10.95 presen[]a em vota[][]oes
 []

[33
pdfTeX warning (ext4): destination with the same identifier (name{table.2}) has
 been already used, duplicate ignored
<argument> ...shipout:D \box_use:N \l_shipout_box 
                                                  \__shipout_drop_firstpage_...
l.400 \subsubsection{Presença em Votações}
                                             
pdfTeX warning (ext4): destination with the same identifier (name{table.3}) has
 been already used, duplicate ignored
<argument> ...shipout:D \box_use:N \l_shipout_box 
                                                  \__shipout_drop_firstpage_...
l.400 \subsubsection{Presença em Votações}
                                             ] [34]
LaTeX Font Info:    Font shape `OML/phv/b/n' in size <10.95> not available
(Font)              Font shape `OML/cmm/b/it' tried instead on input line 446.
 [35])
Overfull \hbox (4.50691pt too wide) in paragraph at lines 224--225
[]\OT1/phv/b/n/10.95 [RF08] \OT1/phv/m/n/10.95 O sis-tema deve des-ta-car va-lo
-res des-ti-na-dos via ``Trans-fer[]encias Es-pe-ci-ais'' (emen-
 []

[36] [37]
<docs/diagrama_classes.png, id=745, 246.6816pt x 246.6816pt>
File: docs/diagrama_classes.png Graphic file (type png)
<use docs/diagrama_classes.png>
Package pdftex.def Info: docs/diagrama_classes.png  used on input line 285.
(pdftex.def)             Requested size: 362.37598pt x 362.41055pt.
 [38]
<docs/diagrama_implantacao.png, id=750, 246.6816pt x 246.6816pt>
File: docs/diagrama_implantacao.png Graphic file (type png)
<use docs/diagrama_implantacao.png>
Package pdftex.def Info: docs/diagrama_implantacao.png  used on input line 296.

(pdftex.def)             Requested size: 362.37598pt x 362.41055pt.
 [39
pdfTeX warning (ext4): destination with the same identifier (name{figure.2}) ha
s been already used, duplicate ignored
<argument> ...shipout:D \box_use:N \l_shipout_box 
                                                  \__shipout_drop_firstpage_...
l.299 
       <./docs/diagrama_classes.png>] [40
pdfTeX warning (ext4): destination with the same identifier (name{figure.3}) ha
s been already used, duplicate ignored
<argument> ...shipout:D \box_use:N \l_shipout_box 
                                                  \__shipout_drop_firstpage_...
l.315     \item \texttt
                       {internal/emenda}: Integração com Portal da Transpa...
 <./docs/diagrama_implantacao.png>]
Overfull \hbox (9.6092pt too wide) in paragraph at lines 342--343
[]\OT1/phv/b/n/10.95 TB[]DESPESAS[]CEAPS\OT1/phv/m/n/10.95 : Ar-ma-zena cada no
ta fis-cal re-em-bol-sada. FK para \OT1/cmtt/m/n/10.95 TB[]SENADORES\OT1/phv/m/
n/10.95 .
 []

[41] [42] (src/sections/conclusao.tex) (main.bbl [43] [44] [45] [46]) [47]
Overfull \hbox (10.14041pt too wide) in paragraph at lines 402--403
[]\OT1/phv/m/sl/10.95 Application Pro-gram-ming In-ter-face \OT1/phv/m/n/10.95 
--- in-ter-face de programa[][]ao que per-mite a comunica[][]ao
 []


Overfull \hbox (7.20003pt too wide) in paragraph at lines 406--407
[]\OT1/phv/m/sl/10.95 Continuous In-te-gra-tion / Con-ti-nu-ous De-ploy-ment \O
T1/phv/m/n/10.95 --- pr[]aticas de integra[][]ao e implanta[][]ao
 []


Overfull \hbox (15.17207pt too wide) in paragraph at lines 413--414
[]\OT1/phv/m/n/10.95 Indicador de Al-fa-be-tismo Fun-ci-o-nal --- pes-quisa bra
-si-leira que ava-lia n[]^^Pveis de alfabetiza[][]ao
 []

[48]
Overfull \hbox (5.44817pt too wide) in paragraph at lines 422--423
[]\OT1/phv/m/sl/10.95 Object-Relational Map-ping \OT1/phv/m/n/10.95 --- t[]ecni
ca de ma-pe-a-mento objeto-relacional para per-sist[]encia
 []


Overfull \hbox (13.27754pt too wide) in paragraph at lines 424--425
[]\OT1/phv/m/n/10.95 Proposta de Emenda []a Constitui[][]ao --- proposi[][]ao l
e-gis-la-tiva que visa al-te-rar a Constitui[][]ao
 []


Overfull \hbox (7.48564pt too wide) in paragraph at lines 427--428
[]\OT1/phv/m/sl/10.95 Resource Des-crip-tion Fra-mework \OT1/phv/m/n/10.95 --- 
mo-delo de da-dos para representa[][]ao de informa[][]oes
 []

[49] [50] (main.aux)
 ***********
LaTeX2e <2025-11-01>
L3 programming layer <2025-11-06>
 ***********


LaTeX Font Warning: Some font shapes were not available, defaults substituted.

Package rerunfilecheck Info: File `main.out' has not changed.
(rerunfilecheck)             Checksum: F2C0F076E104EC8962AEEE056B8ADBDA;14653.
 ) 
Here is how much of TeX's memory you used:
 13152 strings out of 467871
 211485 string characters out of 5418376
 659305 words of memory out of 5000000
 41519 multiletter control sequences out of 15000+600000
 652533 words of font info for 81 fonts, out of 8000000 for 9000
 1141 hyphenation exceptions out of 8191
 90i,14n,93p,1195b,661s stack positions out of 10000i,1000n,20000p,200000b,200000s
<C:/Users/pedro/AppData/Local/Programs/MiKTeX/fonts/type1/public/amsfonts/cm/
cmex10.pfb><C:/Users/pedro/AppData/Local/Programs/MiKTeX/fonts/type1/public/ams
fonts/cm/cmmi10.pfb><C:/Users/pedro/AppData/Local/Programs/MiKTeX/fonts/type1/p
ublic/amsfonts/cm/cmmi8.pfb><C:/Users/pedro/AppData/Local/Programs/MiKTeX/fonts
/type1/public/amsfonts/cm/cmmib10.pfb><C:/Users/pedro/AppData/Local/Programs/Mi
KTeX/fonts/type1/public/amsfonts/cm/cmr10.pfb><C:/Users/pedro/AppData/Local/Pro
grams/MiKTeX/fonts/type1/public/amsfonts/cm/cmsy10.pfb><C:/Users/pedro/AppData/
Local/Programs/MiKTeX/fonts/type1/public/amsfonts/cm/cmtt10.pfb><C:/Users/pedro
/AppData/Local/Programs/MiKTeX/fonts/type1/urw/helvetic/uhvb8a.pfb><C:/Users/pe
dro/AppData/Local/Programs/MiKTeX/fonts/type1/urw/helvetic/uhvr8a.pfb><C:/Users
/pedro/AppData/Local/Programs/MiKTeX/fonts/type1/urw/helvetic/uhvro8a.pfb>
Output written on main.pdf (54 pages, 1972544 bytes).
PDF statistics:
 1005 PDF objects out of 1200 (max. 8388607)
 294 named destinations out of 1000 (max. 500000)
 613 words of extra memory for PDF output out of 10000 (max. 10000000)

